<?xml version="1.0" encoding="UTF-8"?>
<!-- Generated by org.testng.reporters.JUnitReportReporter -->
<testsuite skipped="0" hostname="DESKTOP-JAU9Q83" name="com.leaseCrunch.testcases.LoginTest" tests="1" failures="0" timestamp="2020-12-17T03:12:25 PKT" time="4.811" errors="0">
  <testcase name="loginLcAdmin" time="4.811" classname="com.leaseCrunch.testcases.LoginTest"/>
  <system-out/>
</testsuite> <!-- com.leaseCrunch.testcases.LoginTest -->
