<?xml version="1.0" encoding="UTF-8"?>
<!-- Generated by org.testng.reporters.JUnitReportReporter -->
<testsuite skipped="1" hostname="DESKTOP-JAU9Q83" name="com.leaseCrunch.testcases.Hompage_lcAdmintab" tests="1" failures="0" timestamp="2020-11-22T14:26:22 PKT" time="0.000" errors="0">
  <testcase name="hompage_lcAdmintab_search" time="0.000" classname="com.leaseCrunch.testcases.Hompage_lcAdmintab">
    <skipped/>
  </testcase> <!-- hompage_lcAdmintab_search -->
  <system-out/>
</testsuite> <!-- com.leaseCrunch.testcases.Hompage_lcAdmintab -->
